Model: "net"
_________________________________________________________________
 Layer (type)                Output Shape              Param #   
=================================================================
 batch_normalization (BatchN  multiple                 124       
 ormalization)                                                   
                                                                 
 gcn_conv (GCNConv)          multiple                  2048      
                                                                 
 batch_normalization_1 (Batc  multiple                 256       
 hNormalization)                                                 
                                                                 
 gcn_conv_1 (GCNConv)        multiple                  4160      
                                                                 
 batch_normalization_2 (Batc  multiple                 256       
 hNormalization)                                                 
                                                                 
 global_attention_pool (Glob  multiple                 4160      
 alAttentionPool)                                                
                                                                 
 dense (Dense)               multiple                  2112      
                                                                 
 dense_1 (Dense)             multiple                  65        
                                                                 
=================================================================
Total params: 13,181
Trainable params: 12,863
Non-trainable params: 318
_________________________________________________________________
Model: "net"
_________________________________________________________________
 Layer (type)                Output Shape              Param #   
=================================================================
 batch_normalization (BatchN  multiple                 124       
 ormalization)                                                   
                                                                 
 gcn_conv (GCNConv)          multiple                  2048      
                                                                 
 batch_normalization_1 (Batc  multiple                 256       
 hNormalization)                                                 
                                                                 
 gcn_conv_1 (GCNConv)        multiple                  4160      
                                                                 
 batch_normalization_2 (Batc  multiple                 256       
 hNormalization)                                                 
                                                                 
 global_attention_pool (Glob  multiple                 4160      
 alAttentionPool)                                                
                                                                 
 dense (Dense)               multiple                  2112      
                                                                 
 dense_1 (Dense)             multiple                  65        
                                                                 
=================================================================
Total params: 13,181
Trainable params: 12,863
Non-trainable params: 318
_________________________________________________________________
Ep. 1 - Loss: 1.135 - Acc: 1.135 - Val loss: 0.738 - Val acc: 0.738
New best val_loss 0.738
Ep. 2 - Loss: 0.613 - Acc: 0.613 - Val loss: 0.572 - Val acc: 0.572
New best val_loss 0.572
Ep. 3 - Loss: 0.466 - Acc: 0.466 - Val loss: 0.421 - Val acc: 0.421
New best val_loss 0.421
Ep. 4 - Loss: 0.364 - Acc: 0.364 - Val loss: 0.381 - Val acc: 0.381
New best val_loss 0.381
Ep. 5 - Loss: 0.315 - Acc: 0.315 - Val loss: 0.299 - Val acc: 0.299
New best val_loss 0.299
Ep. 6 - Loss: 0.283 - Acc: 0.283 - Val loss: 0.265 - Val acc: 0.265
New best val_loss 0.265
Ep. 7 - Loss: 0.266 - Acc: 0.266 - Val loss: 0.238 - Val acc: 0.238
New best val_loss 0.238
Ep. 8 - Loss: 0.248 - Acc: 0.248 - Val loss: 0.254 - Val acc: 0.254
Ep. 9 - Loss: 0.250 - Acc: 0.250 - Val loss: 0.247 - Val acc: 0.247
Ep. 10 - Loss: 0.237 - Acc: 0.237 - Val loss: 0.223 - Val acc: 0.223
New best val_loss 0.223
Ep. 11 - Loss: 0.230 - Acc: 0.230 - Val loss: 0.229 - Val acc: 0.229
Ep. 12 - Loss: 0.227 - Acc: 0.227 - Val loss: 0.221 - Val acc: 0.221
New best val_loss 0.221
Ep. 13 - Loss: 0.220 - Acc: 0.220 - Val loss: 0.223 - Val acc: 0.223
Ep. 14 - Loss: 0.220 - Acc: 0.220 - Val loss: 0.218 - Val acc: 0.218
New best val_loss 0.218
Ep. 15 - Loss: 0.214 - Acc: 0.214 - Val loss: 0.248 - Val acc: 0.248
Ep. 16 - Loss: 0.211 - Acc: 0.211 - Val loss: 0.210 - Val acc: 0.210
New best val_loss 0.210
Ep. 17 - Loss: 0.204 - Acc: 0.204 - Val loss: 0.200 - Val acc: 0.200
New best val_loss 0.200
Ep. 18 - Loss: 0.211 - Acc: 0.211 - Val loss: 0.221 - Val acc: 0.221
Ep. 19 - Loss: 0.201 - Acc: 0.201 - Val loss: 0.193 - Val acc: 0.193
New best val_loss 0.193
Ep. 20 - Loss: 0.204 - Acc: 0.204 - Val loss: 0.231 - Val acc: 0.231
Ep. 21 - Loss: 0.193 - Acc: 0.193 - Val loss: 0.184 - Val acc: 0.184
New best val_loss 0.184
Ep. 22 - Loss: 0.194 - Acc: 0.194 - Val loss: 0.204 - Val acc: 0.204
Ep. 23 - Loss: 0.190 - Acc: 0.190 - Val loss: 0.187 - Val acc: 0.187
Ep. 24 - Loss: 0.188 - Acc: 0.188 - Val loss: 0.180 - Val acc: 0.180
New best val_loss 0.180
Ep. 25 - Loss: 0.184 - Acc: 0.184 - Val loss: 0.186 - Val acc: 0.186
Ep. 26 - Loss: 0.185 - Acc: 0.185 - Val loss: 0.189 - Val acc: 0.189
Ep. 27 - Loss: 0.185 - Acc: 0.185 - Val loss: 0.179 - Val acc: 0.179
New best val_loss 0.179
Ep. 28 - Loss: 0.180 - Acc: 0.180 - Val loss: 0.200 - Val acc: 0.200
Ep. 29 - Loss: 0.178 - Acc: 0.178 - Val loss: 0.171 - Val acc: 0.171
New best val_loss 0.171
Ep. 30 - Loss: 0.175 - Acc: 0.175 - Val loss: 0.166 - Val acc: 0.166
New best val_loss 0.166
Ep. 31 - Loss: 0.173 - Acc: 0.173 - Val loss: 0.176 - Val acc: 0.176
Ep. 32 - Loss: 0.172 - Acc: 0.172 - Val loss: 0.174 - Val acc: 0.174
Ep. 33 - Loss: 0.169 - Acc: 0.169 - Val loss: 0.169 - Val acc: 0.169
Ep. 34 - Loss: 0.167 - Acc: 0.167 - Val loss: 0.169 - Val acc: 0.169
Ep. 35 - Loss: 0.166 - Acc: 0.166 - Val loss: 0.167 - Val acc: 0.167
Ep. 36 - Loss: 0.167 - Acc: 0.167 - Val loss: 0.161 - Val acc: 0.161
New best val_loss 0.161
Ep. 37 - Loss: 0.164 - Acc: 0.164 - Val loss: 0.151 - Val acc: 0.151
New best val_loss 0.151
Ep. 38 - Loss: 0.164 - Acc: 0.164 - Val loss: 0.155 - Val acc: 0.155
Ep. 39 - Loss: 0.163 - Acc: 0.163 - Val loss: 0.166 - Val acc: 0.166
Ep. 40 - Loss: 0.159 - Acc: 0.159 - Val loss: 0.155 - Val acc: 0.155
Ep. 41 - Loss: 0.161 - Acc: 0.161 - Val loss: 0.159 - Val acc: 0.159
Ep. 42 - Loss: 0.157 - Acc: 0.157 - Val loss: 0.181 - Val acc: 0.181
Ep. 43 - Loss: 0.161 - Acc: 0.161 - Val loss: 0.162 - Val acc: 0.162
Ep. 44 - Loss: 0.154 - Acc: 0.154 - Val loss: 0.166 - Val acc: 0.166
Ep. 45 - Loss: 0.156 - Acc: 0.156 - Val loss: 0.152 - Val acc: 0.152
Ep. 46 - Loss: 0.154 - Acc: 0.154 - Val loss: 0.170 - Val acc: 0.170
Ep. 47 - Loss: 0.153 - Acc: 0.153 - Val loss: 0.161 - Val acc: 0.161
Ep. 48 - Loss: 0.151 - Acc: 0.151 - Val loss: 0.153 - Val acc: 0.153
Ep. 49 - Loss: 0.152 - Acc: 0.152 - Val loss: 0.152 - Val acc: 0.152
Ep. 50 - Loss: 0.148 - Acc: 0.148 - Val loss: 0.143 - Val acc: 0.143
New best val_loss 0.143
Ep. 51 - Loss: 0.149 - Acc: 0.149 - Val loss: 0.158 - Val acc: 0.158
Ep. 52 - Loss: 0.148 - Acc: 0.148 - Val loss: 0.146 - Val acc: 0.146
Ep. 53 - Loss: 0.143 - Acc: 0.143 - Val loss: 0.146 - Val acc: 0.146
Ep. 54 - Loss: 0.147 - Acc: 0.147 - Val loss: 0.145 - Val acc: 0.145
Ep. 55 - Loss: 0.143 - Acc: 0.143 - Val loss: 0.149 - Val acc: 0.149
Ep. 56 - Loss: 0.143 - Acc: 0.143 - Val loss: 0.142 - Val acc: 0.142
New best val_loss 0.142
Ep. 57 - Loss: 0.142 - Acc: 0.142 - Val loss: 0.142 - Val acc: 0.142
New best val_loss 0.142
Ep. 58 - Loss: 0.140 - Acc: 0.140 - Val loss: 0.138 - Val acc: 0.138
New best val_loss 0.138
Ep. 59 - Loss: 0.140 - Acc: 0.140 - Val loss: 0.132 - Val acc: 0.132
New best val_loss 0.132
Ep. 60 - Loss: 0.138 - Acc: 0.138 - Val loss: 0.133 - Val acc: 0.133
Ep. 61 - Loss: 0.139 - Acc: 0.139 - Val loss: 0.142 - Val acc: 0.142
Ep. 62 - Loss: 0.141 - Acc: 0.141 - Val loss: 0.149 - Val acc: 0.149
Ep. 63 - Loss: 0.136 - Acc: 0.136 - Val loss: 0.137 - Val acc: 0.137
Ep. 64 - Loss: 0.136 - Acc: 0.136 - Val loss: 0.133 - Val acc: 0.133
Ep. 65 - Loss: 0.136 - Acc: 0.136 - Val loss: 0.145 - Val acc: 0.145
Ep. 66 - Loss: 0.135 - Acc: 0.135 - Val loss: 0.136 - Val acc: 0.136
Ep. 67 - Loss: 0.136 - Acc: 0.136 - Val loss: 0.146 - Val acc: 0.146
Ep. 68 - Loss: 0.133 - Acc: 0.133 - Val loss: 0.164 - Val acc: 0.164
Ep. 69 - Loss: 0.134 - Acc: 0.134 - Val loss: 0.142 - Val acc: 0.142
Ep. 70 - Loss: 0.131 - Acc: 0.131 - Val loss: 0.137 - Val acc: 0.137
Ep. 71 - Loss: 0.134 - Acc: 0.134 - Val loss: 0.129 - Val acc: 0.129
New best val_loss 0.129
Ep. 72 - Loss: 0.130 - Acc: 0.130 - Val loss: 0.129 - Val acc: 0.129
New best val_loss 0.129
Ep. 73 - Loss: 0.130 - Acc: 0.130 - Val loss: 0.135 - Val acc: 0.135
Ep. 74 - Loss: 0.130 - Acc: 0.130 - Val loss: 0.147 - Val acc: 0.147
Ep. 75 - Loss: 0.129 - Acc: 0.129 - Val loss: 0.128 - Val acc: 0.128
New best val_loss 0.128
Ep. 76 - Loss: 0.129 - Acc: 0.129 - Val loss: 0.133 - Val acc: 0.133
Ep. 77 - Loss: 0.127 - Acc: 0.127 - Val loss: 0.127 - Val acc: 0.127
New best val_loss 0.127
Ep. 78 - Loss: 0.126 - Acc: 0.126 - Val loss: 0.136 - Val acc: 0.136
Ep. 79 - Loss: 0.127 - Acc: 0.127 - Val loss: 0.128 - Val acc: 0.128
Ep. 80 - Loss: 0.127 - Acc: 0.127 - Val loss: 0.131 - Val acc: 0.131
Ep. 81 - Loss: 0.125 - Acc: 0.125 - Val loss: 0.130 - Val acc: 0.130
Ep. 82 - Loss: 0.126 - Acc: 0.126 - Val loss: 0.130 - Val acc: 0.130
Ep. 83 - Loss: 0.124 - Acc: 0.124 - Val loss: 0.155 - Val acc: 0.155
Ep. 84 - Loss: 0.123 - Acc: 0.123 - Val loss: 0.128 - Val acc: 0.128
Ep. 85 - Loss: 0.126 - Acc: 0.126 - Val loss: 0.129 - Val acc: 0.129
Ep. 86 - Loss: 0.121 - Acc: 0.121 - Val loss: 0.129 - Val acc: 0.129
Ep. 87 - Loss: 0.123 - Acc: 0.123 - Val loss: 0.128 - Val acc: 0.128
Ep. 88 - Loss: 0.121 - Acc: 0.121 - Val loss: 0.127 - Val acc: 0.127
New best val_loss 0.127
Ep. 89 - Loss: 0.121 - Acc: 0.121 - Val loss: 0.136 - Val acc: 0.136
Ep. 90 - Loss: 0.122 - Acc: 0.122 - Val loss: 0.137 - Val acc: 0.137
Ep. 91 - Loss: 0.121 - Acc: 0.121 - Val loss: 0.129 - Val acc: 0.129
Ep. 92 - Loss: 0.119 - Acc: 0.119 - Val loss: 0.133 - Val acc: 0.133
Ep. 93 - Loss: 0.119 - Acc: 0.119 - Val loss: 0.130 - Val acc: 0.130
Ep. 94 - Loss: 0.120 - Acc: 0.120 - Val loss: 0.135 - Val acc: 0.135
Ep. 95 - Loss: 0.118 - Acc: 0.118 - Val loss: 0.124 - Val acc: 0.124
New best val_loss 0.124
Ep. 96 - Loss: 0.119 - Acc: 0.119 - Val loss: 0.119 - Val acc: 0.119
New best val_loss 0.119
Ep. 97 - Loss: 0.118 - Acc: 0.118 - Val loss: 0.127 - Val acc: 0.127
Ep. 98 - Loss: 0.116 - Acc: 0.116 - Val loss: 0.127 - Val acc: 0.127
Ep. 99 - Loss: 0.117 - Acc: 0.117 - Val loss: 0.127 - Val acc: 0.127
Ep. 100 - Loss: 0.116 - Acc: 0.116 - Val loss: 0.127 - Val acc: 0.127
Ep. 101 - Loss: 0.120 - Acc: 0.120 - Val loss: 0.122 - Val acc: 0.122
Ep. 102 - Loss: 0.117 - Acc: 0.117 - Val loss: 0.122 - Val acc: 0.122
Ep. 103 - Loss: 0.117 - Acc: 0.117 - Val loss: 0.123 - Val acc: 0.123
Ep. 104 - Loss: 0.116 - Acc: 0.116 - Val loss: 0.121 - Val acc: 0.121
Ep. 105 - Loss: 0.115 - Acc: 0.115 - Val loss: 0.125 - Val acc: 0.125
Ep. 106 - Loss: 0.114 - Acc: 0.114 - Val loss: 0.122 - Val acc: 0.122
Ep. 107 - Loss: 0.114 - Acc: 0.114 - Val loss: 0.119 - Val acc: 0.119
New best val_loss 0.119
Ep. 108 - Loss: 0.114 - Acc: 0.114 - Val loss: 0.118 - Val acc: 0.118
New best val_loss 0.118
Ep. 109 - Loss: 0.113 - Acc: 0.113 - Val loss: 0.117 - Val acc: 0.117
New best val_loss 0.117
Ep. 110 - Loss: 0.115 - Acc: 0.115 - Val loss: 0.122 - Val acc: 0.122
Ep. 111 - Loss: 0.114 - Acc: 0.114 - Val loss: 0.126 - Val acc: 0.126
Ep. 112 - Loss: 0.112 - Acc: 0.112 - Val loss: 0.116 - Val acc: 0.116
New best val_loss 0.116
Ep. 113 - Loss: 0.112 - Acc: 0.112 - Val loss: 0.127 - Val acc: 0.127
Ep. 114 - Loss: 0.111 - Acc: 0.111 - Val loss: 0.116 - Val acc: 0.116
Ep. 115 - Loss: 0.114 - Acc: 0.114 - Val loss: 0.118 - Val acc: 0.118
Ep. 116 - Loss: 0.113 - Acc: 0.113 - Val loss: 0.122 - Val acc: 0.122
Ep. 117 - Loss: 0.113 - Acc: 0.113 - Val loss: 0.116 - Val acc: 0.116
Ep. 118 - Loss: 0.112 - Acc: 0.112 - Val loss: 0.138 - Val acc: 0.138
Ep. 119 - Loss: 0.112 - Acc: 0.112 - Val loss: 0.116 - Val acc: 0.116
Ep. 120 - Loss: 0.110 - Acc: 0.110 - Val loss: 0.122 - Val acc: 0.122
Ep. 121 - Loss: 0.110 - Acc: 0.110 - Val loss: 0.120 - Val acc: 0.120
Ep. 122 - Loss: 0.110 - Acc: 0.110 - Val loss: 0.118 - Val acc: 0.118
Ep. 123 - Loss: 0.109 - Acc: 0.109 - Val loss: 0.131 - Val acc: 0.131
Ep. 124 - Loss: 0.109 - Acc: 0.109 - Val loss: 0.115 - Val acc: 0.115
New best val_loss 0.115
Ep. 125 - Loss: 0.109 - Acc: 0.109 - Val loss: 0.113 - Val acc: 0.113
New best val_loss 0.113
Ep. 126 - Loss: 0.109 - Acc: 0.109 - Val loss: 0.125 - Val acc: 0.125
Ep. 127 - Loss: 0.108 - Acc: 0.108 - Val loss: 0.112 - Val acc: 0.112
New best val_loss 0.112
Ep. 128 - Loss: 0.109 - Acc: 0.109 - Val loss: 0.113 - Val acc: 0.113
Ep. 129 - Loss: 0.108 - Acc: 0.108 - Val loss: 0.114 - Val acc: 0.114
Ep. 130 - Loss: 0.107 - Acc: 0.107 - Val loss: 0.119 - Val acc: 0.119
Ep. 131 - Loss: 0.107 - Acc: 0.107 - Val loss: 0.117 - Val acc: 0.117
Ep. 132 - Loss: 0.108 - Acc: 0.108 - Val loss: 0.120 - Val acc: 0.120
Ep. 133 - Loss: 0.108 - Acc: 0.108 - Val loss: 0.125 - Val acc: 0.125
Ep. 134 - Loss: 0.108 - Acc: 0.108 - Val loss: 0.113 - Val acc: 0.113
Ep. 135 - Loss: 0.106 - Acc: 0.106 - Val loss: 0.117 - Val acc: 0.117
Ep. 136 - Loss: 0.107 - Acc: 0.107 - Val loss: 0.116 - Val acc: 0.116
Ep. 137 - Loss: 0.107 - Acc: 0.107 - Val loss: 0.122 - Val acc: 0.122
Ep. 138 - Loss: 0.105 - Acc: 0.105 - Val loss: 0.116 - Val acc: 0.116
Ep. 139 - Loss: 0.106 - Acc: 0.106 - Val loss: 0.117 - Val acc: 0.117
Ep. 140 - Loss: 0.107 - Acc: 0.107 - Val loss: 0.114 - Val acc: 0.114
Ep. 141 - Loss: 0.105 - Acc: 0.105 - Val loss: 0.111 - Val acc: 0.111
New best val_loss 0.111
Ep. 142 - Loss: 0.104 - Acc: 0.104 - Val loss: 0.110 - Val acc: 0.110
New best val_loss 0.110
Ep. 143 - Loss: 0.105 - Acc: 0.105 - Val loss: 0.114 - Val acc: 0.114
Ep. 144 - Loss: 0.105 - Acc: 0.105 - Val loss: 0.115 - Val acc: 0.115
Ep. 145 - Loss: 0.104 - Acc: 0.104 - Val loss: 0.114 - Val acc: 0.114
Ep. 146 - Loss: 0.103 - Acc: 0.103 - Val loss: 0.112 - Val acc: 0.112
Ep. 147 - Loss: 0.104 - Acc: 0.104 - Val loss: 0.115 - Val acc: 0.115
Ep. 148 - Loss: 0.103 - Acc: 0.103 - Val loss: 0.114 - Val acc: 0.114
Ep. 149 - Loss: 0.103 - Acc: 0.103 - Val loss: 0.114 - Val acc: 0.114
Ep. 150 - Loss: 0.105 - Acc: 0.105 - Val loss: 0.110 - Val acc: 0.110
Ep. 151 - Loss: 0.102 - Acc: 0.102 - Val loss: 0.115 - Val acc: 0.115
Ep. 152 - Loss: 0.104 - Acc: 0.104 - Val loss: 0.110 - Val acc: 0.110
New best val_loss 0.110
Ep. 153 - Loss: 0.103 - Acc: 0.103 - Val loss: 0.107 - Val acc: 0.107
New best val_loss 0.107
Ep. 154 - Loss: 0.103 - Acc: 0.103 - Val loss: 0.109 - Val acc: 0.109
Ep. 155 - Loss: 0.102 - Acc: 0.102 - Val loss: 0.111 - Val acc: 0.111
Ep. 156 - Loss: 0.101 - Acc: 0.101 - Val loss: 0.116 - Val acc: 0.116
Ep. 157 - Loss: 0.102 - Acc: 0.102 - Val loss: 0.111 - Val acc: 0.111
Ep. 158 - Loss: 0.103 - Acc: 0.103 - Val loss: 0.116 - Val acc: 0.116
Ep. 159 - Loss: 0.102 - Acc: 0.102 - Val loss: 0.114 - Val acc: 0.114
Ep. 160 - Loss: 0.101 - Acc: 0.101 - Val loss: 0.114 - Val acc: 0.114
Ep. 161 - Loss: 0.103 - Acc: 0.103 - Val loss: 0.110 - Val acc: 0.110
Ep. 162 - Loss: 0.100 - Acc: 0.100 - Val loss: 0.121 - Val acc: 0.121
Ep. 163 - Loss: 0.102 - Acc: 0.102 - Val loss: 0.114 - Val acc: 0.114
Ep. 164 - Loss: 0.100 - Acc: 0.100 - Val loss: 0.115 - Val acc: 0.115
Ep. 165 - Loss: 0.101 - Acc: 0.101 - Val loss: 0.115 - Val acc: 0.115
Ep. 166 - Loss: 0.102 - Acc: 0.102 - Val loss: 0.111 - Val acc: 0.111
Ep. 167 - Loss: 0.102 - Acc: 0.102 - Val loss: 0.115 - Val acc: 0.115
Ep. 168 - Loss: 0.101 - Acc: 0.101 - Val loss: 0.111 - Val acc: 0.111
Ep. 169 - Loss: 0.100 - Acc: 0.100 - Val loss: 0.113 - Val acc: 0.113
Ep. 170 - Loss: 0.100 - Acc: 0.100 - Val loss: 0.117 - Val acc: 0.117
Ep. 171 - Loss: 0.101 - Acc: 0.101 - Val loss: 0.118 - Val acc: 0.118
Ep. 172 - Loss: 0.100 - Acc: 0.100 - Val loss: 0.113 - Val acc: 0.113
Ep. 173 - Loss: 0.100 - Acc: 0.100 - Val loss: 0.112 - Val acc: 0.112
Ep. 174 - Loss: 0.099 - Acc: 0.099 - Val loss: 0.109 - Val acc: 0.109
Ep. 175 - Loss: 0.100 - Acc: 0.100 - Val loss: 0.110 - Val acc: 0.110
Ep. 176 - Loss: 0.100 - Acc: 0.100 - Val loss: 0.106 - Val acc: 0.106
New best val_loss 0.106
Ep. 177 - Loss: 0.100 - Acc: 0.100 - Val loss: 0.113 - Val acc: 0.113
Ep. 178 - Loss: 0.099 - Acc: 0.099 - Val loss: 0.117 - Val acc: 0.117
Ep. 179 - Loss: 0.100 - Acc: 0.100 - Val loss: 0.114 - Val acc: 0.114
Ep. 180 - Loss: 0.101 - Acc: 0.101 - Val loss: 0.111 - Val acc: 0.111
Ep. 181 - Loss: 0.099 - Acc: 0.099 - Val loss: 0.110 - Val acc: 0.110
Ep. 182 - Loss: 0.098 - Acc: 0.098 - Val loss: 0.113 - Val acc: 0.113
Ep. 183 - Loss: 0.097 - Acc: 0.097 - Val loss: 0.108 - Val acc: 0.108
Ep. 184 - Loss: 0.100 - Acc: 0.100 - Val loss: 0.110 - Val acc: 0.110
Ep. 185 - Loss: 0.097 - Acc: 0.097 - Val loss: 0.109 - Val acc: 0.109
Ep. 186 - Loss: 0.097 - Acc: 0.097 - Val loss: 0.112 - Val acc: 0.112
Ep. 187 - Loss: 0.098 - Acc: 0.098 - Val loss: 0.112 - Val acc: 0.112
Ep. 188 - Loss: 0.098 - Acc: 0.098 - Val loss: 0.109 - Val acc: 0.109
Ep. 189 - Loss: 0.099 - Acc: 0.099 - Val loss: 0.108 - Val acc: 0.108
Ep. 190 - Loss: 0.098 - Acc: 0.098 - Val loss: 0.112 - Val acc: 0.112
Ep. 191 - Loss: 0.098 - Acc: 0.098 - Val loss: 0.111 - Val acc: 0.111
Ep. 192 - Loss: 0.097 - Acc: 0.097 - Val loss: 0.107 - Val acc: 0.107
Ep. 193 - Loss: 0.098 - Acc: 0.098 - Val loss: 0.108 - Val acc: 0.108
Ep. 194 - Loss: 0.098 - Acc: 0.098 - Val loss: 0.105 - Val acc: 0.105
New best val_loss 0.105
Ep. 195 - Loss: 0.098 - Acc: 0.098 - Val loss: 0.107 - Val acc: 0.107
Ep. 196 - Loss: 0.097 - Acc: 0.097 - Val loss: 0.111 - Val acc: 0.111
Ep. 197 - Loss: 0.097 - Acc: 0.097 - Val loss: 0.110 - Val acc: 0.110
Ep. 198 - Loss: 0.096 - Acc: 0.096 - Val loss: 0.106 - Val acc: 0.106
Ep. 199 - Loss: 0.097 - Acc: 0.097 - Val loss: 0.108 - Val acc: 0.108
Ep. 200 - Loss: 0.096 - Acc: 0.096 - Val loss: 0.112 - Val acc: 0.112
Ep. 201 - Loss: 0.097 - Acc: 0.097 - Val loss: 0.106 - Val acc: 0.106
Ep. 202 - Loss: 0.096 - Acc: 0.096 - Val loss: 0.111 - Val acc: 0.111
Ep. 203 - Loss: 0.097 - Acc: 0.097 - Val loss: 0.109 - Val acc: 0.109
Ep. 204 - Loss: 0.095 - Acc: 0.095 - Val loss: 0.109 - Val acc: 0.109
Ep. 205 - Loss: 0.095 - Acc: 0.095 - Val loss: 0.110 - Val acc: 0.110
Ep. 206 - Loss: 0.095 - Acc: 0.095 - Val loss: 0.107 - Val acc: 0.107
Ep. 207 - Loss: 0.096 - Acc: 0.096 - Val loss: 0.108 - Val acc: 0.108
Ep. 208 - Loss: 0.094 - Acc: 0.094 - Val loss: 0.106 - Val acc: 0.106
Ep. 209 - Loss: 0.096 - Acc: 0.096 - Val loss: 0.106 - Val acc: 0.106
Ep. 210 - Loss: 0.095 - Acc: 0.095 - Val loss: 0.106 - Val acc: 0.106
Ep. 211 - Loss: 0.094 - Acc: 0.094 - Val loss: 0.107 - Val acc: 0.107
Ep. 212 - Loss: 0.095 - Acc: 0.095 - Val loss: 0.105 - Val acc: 0.105
Ep. 213 - Loss: 0.096 - Acc: 0.096 - Val loss: 0.110 - Val acc: 0.110
Ep. 214 - Loss: 0.095 - Acc: 0.095 - Val loss: 0.107 - Val acc: 0.107
Ep. 215 - Loss: 0.094 - Acc: 0.094 - Val loss: 0.108 - Val acc: 0.108
Ep. 216 - Loss: 0.094 - Acc: 0.094 - Val loss: 0.109 - Val acc: 0.109
Ep. 217 - Loss: 0.093 - Acc: 0.093 - Val loss: 0.105 - Val acc: 0.105
New best val_loss 0.105
Ep. 218 - Loss: 0.095 - Acc: 0.095 - Val loss: 0.104 - Val acc: 0.104
New best val_loss 0.104
Ep. 219 - Loss: 0.094 - Acc: 0.094 - Val loss: 0.113 - Val acc: 0.113
Ep. 220 - Loss: 0.094 - Acc: 0.094 - Val loss: 0.110 - Val acc: 0.110
Ep. 221 - Loss: 0.096 - Acc: 0.096 - Val loss: 0.105 - Val acc: 0.105
Ep. 222 - Loss: 0.093 - Acc: 0.093 - Val loss: 0.109 - Val acc: 0.109
Ep. 223 - Loss: 0.095 - Acc: 0.095 - Val loss: 0.111 - Val acc: 0.111
Ep. 224 - Loss: 0.093 - Acc: 0.093 - Val loss: 0.110 - Val acc: 0.110
Ep. 225 - Loss: 0.095 - Acc: 0.095 - Val loss: 0.104 - Val acc: 0.104
Ep. 226 - Loss: 0.093 - Acc: 0.093 - Val loss: 0.114 - Val acc: 0.114
Ep. 227 - Loss: 0.093 - Acc: 0.093 - Val loss: 0.105 - Val acc: 0.105
Ep. 228 - Loss: 0.093 - Acc: 0.093 - Val loss: 0.105 - Val acc: 0.105
Ep. 229 - Loss: 0.092 - Acc: 0.092 - Val loss: 0.108 - Val acc: 0.108
Ep. 230 - Loss: 0.092 - Acc: 0.092 - Val loss: 0.109 - Val acc: 0.109
Ep. 231 - Loss: 0.094 - Acc: 0.094 - Val loss: 0.106 - Val acc: 0.106
Ep. 232 - Loss: 0.095 - Acc: 0.095 - Val loss: 0.105 - Val acc: 0.105
Ep. 233 - Loss: 0.094 - Acc: 0.094 - Val loss: 0.106 - Val acc: 0.106
Ep. 234 - Loss: 0.092 - Acc: 0.092 - Val loss: 0.111 - Val acc: 0.111
Ep. 235 - Loss: 0.094 - Acc: 0.094 - Val loss: 0.105 - Val acc: 0.105
Ep. 236 - Loss: 0.092 - Acc: 0.092 - Val loss: 0.120 - Val acc: 0.120
Ep. 237 - Loss: 0.091 - Acc: 0.091 - Val loss: 0.107 - Val acc: 0.107
Ep. 238 - Loss: 0.092 - Acc: 0.092 - Val loss: 0.106 - Val acc: 0.106
Ep. 239 - Loss: 0.093 - Acc: 0.093 - Val loss: 0.106 - Val acc: 0.106
Ep. 240 - Loss: 0.092 - Acc: 0.092 - Val loss: 0.111 - Val acc: 0.111
Ep. 241 - Loss: 0.091 - Acc: 0.091 - Val loss: 0.110 - Val acc: 0.110
Ep. 242 - Loss: 0.092 - Acc: 0.092 - Val loss: 0.107 - Val acc: 0.107
Ep. 243 - Loss: 0.092 - Acc: 0.092 - Val loss: 0.110 - Val acc: 0.110
Ep. 244 - Loss: 0.091 - Acc: 0.091 - Val loss: 0.107 - Val acc: 0.107
Ep. 245 - Loss: 0.090 - Acc: 0.090 - Val loss: 0.111 - Val acc: 0.111
Ep. 246 - Loss: 0.091 - Acc: 0.091 - Val loss: 0.105 - Val acc: 0.105
Ep. 247 - Loss: 0.093 - Acc: 0.093 - Val loss: 0.109 - Val acc: 0.109
Ep. 248 - Loss: 0.092 - Acc: 0.092 - Val loss: 0.102 - Val acc: 0.102
New best val_loss 0.102
Ep. 249 - Loss: 0.092 - Acc: 0.092 - Val loss: 0.107 - Val acc: 0.107
Ep. 250 - Loss: 0.093 - Acc: 0.093 - Val loss: 0.103 - Val acc: 0.103
Ep. 251 - Loss: 0.090 - Acc: 0.090 - Val loss: 0.103 - Val acc: 0.103
Ep. 252 - Loss: 0.090 - Acc: 0.090 - Val loss: 0.108 - Val acc: 0.108
Ep. 253 - Loss: 0.091 - Acc: 0.091 - Val loss: 0.106 - Val acc: 0.106
Ep. 254 - Loss: 0.092 - Acc: 0.092 - Val loss: 0.102 - Val acc: 0.102
New best val_loss 0.102
Ep. 255 - Loss: 0.092 - Acc: 0.092 - Val loss: 0.118 - Val acc: 0.118
Ep. 256 - Loss: 0.092 - Acc: 0.092 - Val loss: 0.113 - Val acc: 0.113
Ep. 257 - Loss: 0.092 - Acc: 0.092 - Val loss: 0.106 - Val acc: 0.106
Ep. 258 - Loss: 0.092 - Acc: 0.092 - Val loss: 0.105 - Val acc: 0.105
Ep. 259 - Loss: 0.089 - Acc: 0.089 - Val loss: 0.102 - Val acc: 0.102
New best val_loss 0.102
Ep. 260 - Loss: 0.091 - Acc: 0.091 - Val loss: 0.110 - Val acc: 0.110
Ep. 261 - Loss: 0.089 - Acc: 0.089 - Val loss: 0.117 - Val acc: 0.117
Ep. 262 - Loss: 0.090 - Acc: 0.090 - Val loss: 0.107 - Val acc: 0.107
Ep. 263 - Loss: 0.090 - Acc: 0.090 - Val loss: 0.103 - Val acc: 0.103
Ep. 264 - Loss: 0.090 - Acc: 0.090 - Val loss: 0.100 - Val acc: 0.100
New best val_loss 0.100
Ep. 265 - Loss: 0.090 - Acc: 0.090 - Val loss: 0.100 - Val acc: 0.100
Ep. 266 - Loss: 0.089 - Acc: 0.089 - Val loss: 0.103 - Val acc: 0.103
Ep. 267 - Loss: 0.090 - Acc: 0.090 - Val loss: 0.106 - Val acc: 0.106
Ep. 268 - Loss: 0.089 - Acc: 0.089 - Val loss: 0.110 - Val acc: 0.110
Ep. 269 - Loss: 0.091 - Acc: 0.091 - Val loss: 0.105 - Val acc: 0.105
Ep. 270 - Loss: 0.089 - Acc: 0.089 - Val loss: 0.105 - Val acc: 0.105
Ep. 271 - Loss: 0.090 - Acc: 0.090 - Val loss: 0.104 - Val acc: 0.104
Ep. 272 - Loss: 0.089 - Acc: 0.089 - Val loss: 0.101 - Val acc: 0.101
Ep. 273 - Loss: 0.089 - Acc: 0.089 - Val loss: 0.101 - Val acc: 0.101
Ep. 274 - Loss: 0.089 - Acc: 0.089 - Val loss: 0.109 - Val acc: 0.109
Ep. 275 - Loss: 0.090 - Acc: 0.090 - Val loss: 0.107 - Val acc: 0.107
Ep. 276 - Loss: 0.088 - Acc: 0.088 - Val loss: 0.105 - Val acc: 0.105
Ep. 277 - Loss: 0.089 - Acc: 0.089 - Val loss: 0.109 - Val acc: 0.109
Ep. 278 - Loss: 0.089 - Acc: 0.089 - Val loss: 0.102 - Val acc: 0.102
Ep. 279 - Loss: 0.088 - Acc: 0.088 - Val loss: 0.105 - Val acc: 0.105
Ep. 280 - Loss: 0.090 - Acc: 0.090 - Val loss: 0.099 - Val acc: 0.099
New best val_loss 0.099
Ep. 281 - Loss: 0.090 - Acc: 0.090 - Val loss: 0.117 - Val acc: 0.117
Ep. 282 - Loss: 0.089 - Acc: 0.089 - Val loss: 0.104 - Val acc: 0.104
Ep. 283 - Loss: 0.087 - Acc: 0.087 - Val loss: 0.106 - Val acc: 0.106
Ep. 284 - Loss: 0.087 - Acc: 0.087 - Val loss: 0.104 - Val acc: 0.104
Ep. 285 - Loss: 0.088 - Acc: 0.088 - Val loss: 0.103 - Val acc: 0.103
Ep. 286 - Loss: 0.088 - Acc: 0.088 - Val loss: 0.102 - Val acc: 0.102
Ep. 287 - Loss: 0.087 - Acc: 0.087 - Val loss: 0.106 - Val acc: 0.106
Ep. 288 - Loss: 0.089 - Acc: 0.089 - Val loss: 0.109 - Val acc: 0.109
Ep. 289 - Loss: 0.087 - Acc: 0.087 - Val loss: 0.102 - Val acc: 0.102
Ep. 290 - Loss: 0.090 - Acc: 0.090 - Val loss: 0.107 - Val acc: 0.107
Ep. 291 - Loss: 0.088 - Acc: 0.088 - Val loss: 0.101 - Val acc: 0.101
Ep. 292 - Loss: 0.088 - Acc: 0.088 - Val loss: 0.103 - Val acc: 0.103
Ep. 293 - Loss: 0.088 - Acc: 0.088 - Val loss: 0.109 - Val acc: 0.109
Ep. 294 - Loss: 0.088 - Acc: 0.088 - Val loss: 0.099 - Val acc: 0.099
Ep. 295 - Loss: 0.088 - Acc: 0.088 - Val loss: 0.104 - Val acc: 0.104
Ep. 296 - Loss: 0.088 - Acc: 0.088 - Val loss: 0.102 - Val acc: 0.102
Ep. 297 - Loss: 0.087 - Acc: 0.087 - Val loss: 0.109 - Val acc: 0.109
Ep. 298 - Loss: 0.086 - Acc: 0.086 - Val loss: 0.102 - Val acc: 0.102
Ep. 299 - Loss: 0.086 - Acc: 0.086 - Val loss: 0.106 - Val acc: 0.106
Ep. 300 - Loss: 0.086 - Acc: 0.086 - Val loss: 0.104 - Val acc: 0.104
Ep. 301 - Loss: 0.087 - Acc: 0.087 - Val loss: 0.101 - Val acc: 0.101
Ep. 302 - Loss: 0.086 - Acc: 0.086 - Val loss: 0.104 - Val acc: 0.104
Ep. 303 - Loss: 0.088 - Acc: 0.088 - Val loss: 0.107 - Val acc: 0.107
Ep. 304 - Loss: 0.086 - Acc: 0.086 - Val loss: 0.103 - Val acc: 0.103
Ep. 305 - Loss: 0.086 - Acc: 0.086 - Val loss: 0.099 - Val acc: 0.099
New best val_loss 0.099
Ep. 306 - Loss: 0.087 - Acc: 0.087 - Val loss: 0.099 - Val acc: 0.099
Ep. 307 - Loss: 0.086 - Acc: 0.086 - Val loss: 0.105 - Val acc: 0.105
Ep. 308 - Loss: 0.087 - Acc: 0.087 - Val loss: 0.109 - Val acc: 0.109
Ep. 309 - Loss: 0.086 - Acc: 0.086 - Val loss: 0.108 - Val acc: 0.108
Ep. 310 - Loss: 0.088 - Acc: 0.088 - Val loss: 0.102 - Val acc: 0.102
Ep. 311 - Loss: 0.085 - Acc: 0.085 - Val loss: 0.103 - Val acc: 0.103
Ep. 312 - Loss: 0.087 - Acc: 0.087 - Val loss: 0.114 - Val acc: 0.114
Ep. 313 - Loss: 0.085 - Acc: 0.085 - Val loss: 0.101 - Val acc: 0.101
Ep. 314 - Loss: 0.088 - Acc: 0.088 - Val loss: 0.114 - Val acc: 0.114
Ep. 315 - Loss: 0.086 - Acc: 0.086 - Val loss: 0.100 - Val acc: 0.100
Ep. 316 - Loss: 0.086 - Acc: 0.086 - Val loss: 0.112 - Val acc: 0.112
Ep. 317 - Loss: 0.087 - Acc: 0.087 - Val loss: 0.106 - Val acc: 0.106
Ep. 318 - Loss: 0.085 - Acc: 0.085 - Val loss: 0.098 - Val acc: 0.098
New best val_loss 0.098
Ep. 319 - Loss: 0.087 - Acc: 0.087 - Val loss: 0.101 - Val acc: 0.101
Ep. 320 - Loss: 0.086 - Acc: 0.086 - Val loss: 0.107 - Val acc: 0.107
Ep. 321 - Loss: 0.087 - Acc: 0.087 - Val loss: 0.102 - Val acc: 0.102
Ep. 322 - Loss: 0.087 - Acc: 0.087 - Val loss: 0.100 - Val acc: 0.100
Ep. 323 - Loss: 0.087 - Acc: 0.087 - Val loss: 0.099 - Val acc: 0.099
Ep. 324 - Loss: 0.085 - Acc: 0.085 - Val loss: 0.101 - Val acc: 0.101
Ep. 325 - Loss: 0.085 - Acc: 0.085 - Val loss: 0.103 - Val acc: 0.103
Ep. 326 - Loss: 0.086 - Acc: 0.086 - Val loss: 0.098 - Val acc: 0.098
Ep. 327 - Loss: 0.085 - Acc: 0.085 - Val loss: 0.105 - Val acc: 0.105
Ep. 328 - Loss: 0.087 - Acc: 0.087 - Val loss: 0.106 - Val acc: 0.106
Ep. 329 - Loss: 0.085 - Acc: 0.085 - Val loss: 0.103 - Val acc: 0.103
Ep. 330 - Loss: 0.084 - Acc: 0.084 - Val loss: 0.099 - Val acc: 0.099
Ep. 331 - Loss: 0.087 - Acc: 0.087 - Val loss: 0.099 - Val acc: 0.099
Ep. 332 - Loss: 0.086 - Acc: 0.086 - Val loss: 0.100 - Val acc: 0.100
Ep. 333 - Loss: 0.087 - Acc: 0.087 - Val loss: 0.100 - Val acc: 0.100
Ep. 334 - Loss: 0.083 - Acc: 0.083 - Val loss: 0.105 - Val acc: 0.105
Ep. 335 - Loss: 0.084 - Acc: 0.084 - Val loss: 0.097 - Val acc: 0.097
New best val_loss 0.097
Ep. 336 - Loss: 0.084 - Acc: 0.084 - Val loss: 0.100 - Val acc: 0.100
Ep. 337 - Loss: 0.084 - Acc: 0.084 - Val loss: 0.103 - Val acc: 0.103
Ep. 338 - Loss: 0.084 - Acc: 0.084 - Val loss: 0.106 - Val acc: 0.106
Ep. 339 - Loss: 0.086 - Acc: 0.086 - Val loss: 0.116 - Val acc: 0.116
Ep. 340 - Loss: 0.085 - Acc: 0.085 - Val loss: 0.100 - Val acc: 0.100
Ep. 341 - Loss: 0.085 - Acc: 0.085 - Val loss: 0.101 - Val acc: 0.101
Ep. 342 - Loss: 0.085 - Acc: 0.085 - Val loss: 0.103 - Val acc: 0.103
Ep. 343 - Loss: 0.085 - Acc: 0.085 - Val loss: 0.102 - Val acc: 0.102
Ep. 344 - Loss: 0.085 - Acc: 0.085 - Val loss: 0.104 - Val acc: 0.104
Ep. 345 - Loss: 0.085 - Acc: 0.085 - Val loss: 0.106 - Val acc: 0.106
Ep. 346 - Loss: 0.083 - Acc: 0.083 - Val loss: 0.100 - Val acc: 0.100
Ep. 347 - Loss: 0.083 - Acc: 0.083 - Val loss: 0.100 - Val acc: 0.100
Ep. 348 - Loss: 0.084 - Acc: 0.084 - Val loss: 0.102 - Val acc: 0.102
Ep. 349 - Loss: 0.084 - Acc: 0.084 - Val loss: 0.097 - Val acc: 0.097
Ep. 350 - Loss: 0.083 - Acc: 0.083 - Val loss: 0.096 - Val acc: 0.096
New best val_loss 0.096
Ep. 351 - Loss: 0.084 - Acc: 0.084 - Val loss: 0.100 - Val acc: 0.100
Ep. 352 - Loss: 0.084 - Acc: 0.084 - Val loss: 0.099 - Val acc: 0.099
Ep. 353 - Loss: 0.083 - Acc: 0.083 - Val loss: 0.101 - Val acc: 0.101
Ep. 354 - Loss: 0.084 - Acc: 0.084 - Val loss: 0.101 - Val acc: 0.101
Ep. 355 - Loss: 0.085 - Acc: 0.085 - Val loss: 0.109 - Val acc: 0.109
Ep. 356 - Loss: 0.083 - Acc: 0.083 - Val loss: 0.100 - Val acc: 0.100
Ep. 357 - Loss: 0.084 - Acc: 0.084 - Val loss: 0.099 - Val acc: 0.099
Ep. 358 - Loss: 0.085 - Acc: 0.085 - Val loss: 0.102 - Val acc: 0.102
Ep. 359 - Loss: 0.084 - Acc: 0.084 - Val loss: 0.099 - Val acc: 0.099
Ep. 360 - Loss: 0.083 - Acc: 0.083 - Val loss: 0.097 - Val acc: 0.097
Ep. 361 - Loss: 0.084 - Acc: 0.084 - Val loss: 0.097 - Val acc: 0.097
Ep. 362 - Loss: 0.083 - Acc: 0.083 - Val loss: 0.100 - Val acc: 0.100
Ep. 363 - Loss: 0.083 - Acc: 0.083 - Val loss: 0.102 - Val acc: 0.102
Ep. 364 - Loss: 0.085 - Acc: 0.085 - Val loss: 0.103 - Val acc: 0.103
Ep. 365 - Loss: 0.083 - Acc: 0.083 - Val loss: 0.100 - Val acc: 0.100
Ep. 366 - Loss: 0.082 - Acc: 0.082 - Val loss: 0.102 - Val acc: 0.102
Ep. 367 - Loss: 0.084 - Acc: 0.084 - Val loss: 0.101 - Val acc: 0.101
Ep. 368 - Loss: 0.084 - Acc: 0.084 - Val loss: 0.110 - Val acc: 0.110
Ep. 369 - Loss: 0.083 - Acc: 0.083 - Val loss: 0.098 - Val acc: 0.098
Ep. 370 - Loss: 0.084 - Acc: 0.084 - Val loss: 0.102 - Val acc: 0.102
Ep. 371 - Loss: 0.082 - Acc: 0.082 - Val loss: 0.104 - Val acc: 0.104
Ep. 372 - Loss: 0.083 - Acc: 0.083 - Val loss: 0.101 - Val acc: 0.101
Ep. 373 - Loss: 0.083 - Acc: 0.083 - Val loss: 0.100 - Val acc: 0.100
Ep. 374 - Loss: 0.083 - Acc: 0.083 - Val loss: 0.103 - Val acc: 0.103
Ep. 375 - Loss: 0.084 - Acc: 0.084 - Val loss: 0.096 - Val acc: 0.096
New best val_loss 0.096
Ep. 376 - Loss: 0.084 - Acc: 0.084 - Val loss: 0.100 - Val acc: 0.100
Ep. 377 - Loss: 0.084 - Acc: 0.084 - Val loss: 0.099 - Val acc: 0.099
Ep. 378 - Loss: 0.083 - Acc: 0.083 - Val loss: 0.099 - Val acc: 0.099
Ep. 379 - Loss: 0.083 - Acc: 0.083 - Val loss: 0.098 - Val acc: 0.098
Ep. 380 - Loss: 0.082 - Acc: 0.082 - Val loss: 0.108 - Val acc: 0.108
Ep. 381 - Loss: 0.082 - Acc: 0.082 - Val loss: 0.098 - Val acc: 0.098
Ep. 382 - Loss: 0.082 - Acc: 0.082 - Val loss: 0.098 - Val acc: 0.098
Ep. 383 - Loss: 0.084 - Acc: 0.084 - Val loss: 0.109 - Val acc: 0.109
Ep. 384 - Loss: 0.082 - Acc: 0.082 - Val loss: 0.098 - Val acc: 0.098
Ep. 385 - Loss: 0.083 - Acc: 0.083 - Val loss: 0.098 - Val acc: 0.098
Ep. 386 - Loss: 0.081 - Acc: 0.081 - Val loss: 0.096 - Val acc: 0.096
Ep. 387 - Loss: 0.082 - Acc: 0.082 - Val loss: 0.099 - Val acc: 0.099
Ep. 388 - Loss: 0.081 - Acc: 0.081 - Val loss: 0.097 - Val acc: 0.097
Ep. 389 - Loss: 0.083 - Acc: 0.083 - Val loss: 0.108 - Val acc: 0.108
Ep. 390 - Loss: 0.083 - Acc: 0.083 - Val loss: 0.102 - Val acc: 0.102
Ep. 391 - Loss: 0.083 - Acc: 0.083 - Val loss: 0.099 - Val acc: 0.099
Ep. 392 - Loss: 0.082 - Acc: 0.082 - Val loss: 0.096 - Val acc: 0.096
Ep. 393 - Loss: 0.082 - Acc: 0.082 - Val loss: 0.100 - Val acc: 0.100
Ep. 394 - Loss: 0.080 - Acc: 0.080 - Val loss: 0.099 - Val acc: 0.099
Ep. 395 - Loss: 0.082 - Acc: 0.082 - Val loss: 0.099 - Val acc: 0.099
Ep. 396 - Loss: 0.081 - Acc: 0.081 - Val loss: 0.098 - Val acc: 0.098
Ep. 397 - Loss: 0.081 - Acc: 0.081 - Val loss: 0.103 - Val acc: 0.103
Ep. 398 - Loss: 0.082 - Acc: 0.082 - Val loss: 0.101 - Val acc: 0.101
Ep. 399 - Loss: 0.083 - Acc: 0.083 - Val loss: 0.103 - Val acc: 0.103
Ep. 400 - Loss: 0.081 - Acc: 0.081 - Val loss: 0.098 - Val acc: 0.098
Testing model
Done. Test loss: 0.1070. Test acc: 0.11
Predicted vs Experiment
minimum error: -1.100     maximum error: 1.036
MAE: 0.107
MSE: 0.000
MAD: 0.107
minimum of corrected error: 7.837e-08
Testing PhotoChecmCAD model
done. pcad loss: 0.2476. pcad acc: 0.25
Predicted vs Experiment
minimum error: -1.283     maximum error: 1.358
MAE: 0.248
MSE: 0.087
MAD: 0.290
minimum of corrected error: -2.796e-08
Predicted vs Experiment
minimum error: -1.283     maximum error: 1.358
MAE: 0.248
MSE: 0.087
MAD: 0.290
minimum of corrected error: -2.796e-08
Testing PhotoChecmCAD model for common
done. pcad loss: 0.1380. pcad acc: 0.14
Predicted vs Experiment
minimum error: -0.435     maximum error: 0.565
MAE: 0.138
MSE: 0.030
MAD: 0.136
minimum of corrected error: 3.853e-08
Testing PhotoChecmCAD model for not common
done. pcad loss: 0.2879. pcad acc: 0.29
Predicted vs Experiment
minimum error: -1.283     maximum error: 1.358
MAE: 0.288
MSE: 0.108
MAD: 0.349
minimum of corrected error: -3.811e-08
Absolute Error vs Similarity
minimum error: -0.850     maximum error: 1.062
MAE: 0.345
MSE: -0.174
MAD: 0.405
minimum of corrected error: -2.070e-16
Predicted vs Experiment
minimum error: -1.283     maximum error: 1.358
MAE: 0.288
MSE: 0.108
MAD: 0.349
minimum of corrected error: -3.811e-08
Absolute Error vs Similarity
minimum error: -0.850     maximum error: 1.062
MAE: 0.345
MSE: -0.174
MAD: 0.405
minimum of corrected error: -2.070e-16
